[debug] [2024-06-25T14:33:37.662Z] ----------------------------------------------------------------------
[debug] [2024-06-25T14:33:37.664Z] Command:       C:\Program Files\nodejs\node.exe C:\Users\Humza\AppData\Roaming\npm\node_modules\firebase-tools\lib\bin\firebase.js init functions
[debug] [2024-06-25T14:33:37.664Z] CLI Version:   13.11.4
[debug] [2024-06-25T14:33:37.664Z] Platform:      win32
[debug] [2024-06-25T14:33:37.664Z] Node Version:  v18.16.0
[debug] [2024-06-25T14:33:37.665Z] Time:          Tue Jun 25 2024 15:33:37 GMT+0100 (British Summer Time)
[debug] [2024-06-25T14:33:37.666Z] ----------------------------------------------------------------------
[debug] 
[debug] [2024-06-25T14:33:37.669Z] >>> [apiv2][query] GET https://firebase-public.firebaseio.com/cli.json [none]
[debug] [2024-06-25T14:33:37.713Z] > command requires scopes: ["email","openid","https://www.googleapis.com/auth/cloudplatformprojects.readonly","https://www.googleapis.com/auth/firebase","https://www.googleapis.com/auth/cloud-platform"]
[debug] [2024-06-25T14:33:37.714Z] > authorizing via signed-in user (tdawg055@gmail.com)
[info] 
     ######## #### ########  ######## ########     ###     ######  ########
     ##        ##  ##     ## ##       ##     ##  ##   ##  ##       ##
     ######    ##  ########  ######   ########  #########  ######  ######
     ##        ##  ##    ##  ##       ##     ## ##     ##       ## ##
     ##       #### ##     ## ######## ########  ##     ##  ######  ########

You're about to initialize a Firebase project in this directory:

  C:\Users\Humza\OneDrive\Documents\Programming\Websites\market-simulation

[debug] [2024-06-25T14:33:38.125Z] <<< [apiv2][status] GET https://firebase-public.firebaseio.com/cli.json 200
[debug] [2024-06-25T14:33:38.126Z] <<< [apiv2][body] GET https://firebase-public.firebaseio.com/cli.json {"cloudBuildErrorAfter":1594252800000,"cloudBuildWarnAfter":1590019200000,"defaultNode10After":1594252800000,"minVersion":"3.0.5","node8DeploysDisabledAfter":1613390400000,"node8RuntimeDisabledAfter":1615809600000,"node8WarnAfter":1600128000000}
[info] 
=== Project Setup
[info] 
[info] First, let's associate this project directory with a Firebase project.
[info] You can create multiple project aliases by running firebase use --add, 
[info] but for now we'll just set up a default project.
[info] 
